mode: set
Clean-Architecture/store/customer/mysql.go:14.33,16.2 1 0
Clean-Architecture/store/customer/mysql.go:17.27,19.16 2 1
Clean-Architecture/store/customer/mysql.go:22.2,23.16 2 1
Clean-Architecture/store/customer/mysql.go:26.2,26.31 1 1
Clean-Architecture/store/customer/mysql.go:19.16,20.13 1 0
Clean-Architecture/store/customer/mysql.go:23.16,24.21 1 0
Clean-Architecture/store/customer/mysql.go:28.74,30.14 2 1
Clean-Architecture/store/customer/mysql.go:34.2,35.14 2 1
Clean-Architecture/store/customer/mysql.go:39.3,40.16 2 1
Clean-Architecture/store/customer/mysql.go:43.2,45.18 3 1
Clean-Architecture/store/customer/mysql.go:50.2,50.17 1 1
Clean-Architecture/store/customer/mysql.go:30.14,33.3 2 0
Clean-Architecture/store/customer/mysql.go:35.14,38.3 2 1
Clean-Architecture/store/customer/mysql.go:40.16,41.21 1 0
Clean-Architecture/store/customer/mysql.go:45.18,46.175 1 1
Clean-Architecture/store/customer/mysql.go:46.175,48.4 1 0
Clean-Architecture/store/customer/mysql.go:53.62,57.16 3 0
Clean-Architecture/store/customer/mysql.go:60.2,62.18 3 0
Clean-Architecture/store/customer/mysql.go:69.2,69.19 1 0
Clean-Architecture/store/customer/mysql.go:57.16,58.21 1 0
Clean-Architecture/store/customer/mysql.go:62.18,64.175 2 0
Clean-Architecture/store/customer/mysql.go:67.3,67.32 1 0
Clean-Architecture/store/customer/mysql.go:64.175,66.4 1 0
Clean-Architecture/store/customer/mysql.go:71.67,76.16 5 1
Clean-Architecture/store/customer/mysql.go:79.2,81.18 3 1
Clean-Architecture/store/customer/mysql.go:86.2,86.17 1 1
Clean-Architecture/store/customer/mysql.go:76.16,78.3 1 0
Clean-Architecture/store/customer/mysql.go:81.18,82.175 1 1
Clean-Architecture/store/customer/mysql.go:82.175,84.4 1 0
Clean-Architecture/store/customer/mysql.go:88.87,94.16 6 1
Clean-Architecture/store/customer/mysql.go:97.2,105.17 9 1
Clean-Architecture/store/customer/mysql.go:108.2,112.22 5 1
Clean-Architecture/store/customer/mysql.go:94.16,95.21 1 0
Clean-Architecture/store/customer/mysql.go:105.17,106.21 1 0
Clean-Architecture/store/customer/mysql.go:114.93,119.16 5 1
Clean-Architecture/store/customer/mysql.go:122.3,122.27 1 1
Clean-Architecture/store/customer/mysql.go:175.3,175.49 1 0
Clean-Architecture/store/customer/mysql.go:119.16,120.21 1 0
Clean-Architecture/store/customer/mysql.go:122.27,124.18 2 1
Clean-Architecture/store/customer/mysql.go:127.4,132.17 6 1
Clean-Architecture/store/customer/mysql.go:138.4,140.36 3 1
Clean-Architecture/store/customer/mysql.go:144.4,144.37 1 1
Clean-Architecture/store/customer/mysql.go:148.4,148.42 1 1
Clean-Architecture/store/customer/mysql.go:152.4,157.18 6 1
Clean-Architecture/store/customer/mysql.go:160.4,166.18 7 1
Clean-Architecture/store/customer/mysql.go:173.4,173.18 1 1
Clean-Architecture/store/customer/mysql.go:124.18,126.5 1 0
Clean-Architecture/store/customer/mysql.go:132.17,134.17 2 0
Clean-Architecture/store/customer/mysql.go:134.17,136.6 1 0
Clean-Architecture/store/customer/mysql.go:140.36,143.5 2 1
Clean-Architecture/store/customer/mysql.go:144.37,147.5 2 1
Clean-Architecture/store/customer/mysql.go:148.42,151.5 2 1
Clean-Architecture/store/customer/mysql.go:157.18,159.5 1 0
Clean-Architecture/store/customer/mysql.go:166.18,168.17 2 0
Clean-Architecture/store/customer/mysql.go:168.17,170.6 1 0
Clean-Architecture/store/customer/mysql.go:177.70,184.16 7 1
Clean-Architecture/store/customer/mysql.go:187.2,190.19 3 1
Clean-Architecture/store/customer/mysql.go:197.3,200.18 4 1
Clean-Architecture/store/customer/mysql.go:203.3,214.18 5 1
Clean-Architecture/store/customer/mysql.go:184.16,185.21 1 0
Clean-Architecture/store/customer/mysql.go:190.19,192.176 2 0
Clean-Architecture/store/customer/mysql.go:195.4,195.42 1 0
Clean-Architecture/store/customer/mysql.go:192.176,194.5 1 0
Clean-Architecture/store/customer/mysql.go:200.18,201.22 1 0
