mode: set
Clean-Architecture/delivery/http.go:18.50,20.2 1 1
Clean-Architecture/delivery/http.go:21.76,24.18 3 1
Clean-Architecture/delivery/http.go:29.4,30.24 2 1
Clean-Architecture/delivery/http.go:24.18,28.5 3 1
Clean-Architecture/delivery/http.go:32.73,34.17 2 1
Clean-Architecture/delivery/http.go:39.3,40.23 2 1
Clean-Architecture/delivery/http.go:34.17,38.4 3 0
Clean-Architecture/delivery/http.go:42.74,45.16 3 1
Clean-Architecture/delivery/http.go:51.2,52.16 2 1
Clean-Architecture/delivery/http.go:58.2,59.22 2 1
Clean-Architecture/delivery/http.go:45.16,50.3 3 1
Clean-Architecture/delivery/http.go:52.16,57.3 3 0
Clean-Architecture/delivery/http.go:61.73,64.20 3 1
Clean-Architecture/delivery/http.go:64.20,67.3 2 0
Clean-Architecture/delivery/http.go:67.7,70.17 2 1
Clean-Architecture/delivery/http.go:77.3,78.17 2 1
Clean-Architecture/delivery/http.go:83.3,85.23 3 1
Clean-Architecture/delivery/http.go:70.17,76.4 4 0
Clean-Architecture/delivery/http.go:78.17,82.4 3 1
Clean-Architecture/delivery/http.go:88.71,91.16 3 1
Clean-Architecture/delivery/http.go:95.2,98.16 4 1
Clean-Architecture/delivery/http.go:104.2,105.16 2 1
Clean-Architecture/delivery/http.go:110.2,111.22 2 1
Clean-Architecture/delivery/http.go:91.16,94.3 2 0
Clean-Architecture/delivery/http.go:98.16,103.3 4 0
Clean-Architecture/delivery/http.go:105.16,109.3 3 0
Clean-Architecture/delivery/http.go:113.77,116.16 3 1
Clean-Architecture/delivery/http.go:120.2,121.16 2 1
Clean-Architecture/delivery/http.go:116.16,119.3 2 0
Clean-Architecture/delivery/http.go:121.16,126.3 3 0
Clean-Architecture/delivery/http.go:126.7,130.3 3 1
